<?xml version="1.0" encoding="UTF-8"?>
<robot generator="Robot 5.0.1 (Python 3.7.5 on linux)" generated="20220518 20:50:18.231" rpa="false" schemaversion="3">
<suite id="s1" name="Robot Interactive Console" source="/home/fred/.vscode/extensions/robocorp.robotframework-lsp-0.47.2/src/robotframework_ls/vendored/robotframework_interactive/robot_interactive_console.robot">
<test id="s1-t1" name="Default Task/Test" line="5">
<kw name="Interpreter Main Loop" library="MainLoop">
<kw name="Open Available Browser" library="RPA.Browser.Selenium">
<arg>https://robotsparebinindustries.com/</arg>
<doc>Attempts to open a browser on the user's device from a set of
supported browsers. Automatically downloads a corresponding webdriver
if none is already installed.</doc>
<status status="PASS" starttime="20220518 20:50:32.126" endtime="20220518 20:50:35.933"/>
</kw>
<kw name="Wait Until Page Contains Element" library="RPA.Browser.Selenium">
<arg>css:#root &gt; header &gt; div &gt; ul &gt; li:nth-child(2) &gt; a</arg>
<doc>Waits until the element ``locator`` appears on the current page.</doc>
<status status="PASS" starttime="20220518 20:50:41.471" endtime="20220518 20:50:41.490"/>
</kw>
<kw name="Click Element" library="RPA.Browser.Selenium">
<arg>css:#root &gt; header &gt; div &gt; ul &gt; li:nth-child(2) &gt; a</arg>
<doc>Click the element identified by ``locator``.</doc>
<status status="PASS" starttime="20220518 20:50:45.659" endtime="20220518 20:50:45.760"/>
</kw>
<kw name="Click Button" library="RPA.Browser.Selenium">
<arg>css:#root &gt; div &gt; div.modal &gt; div &gt; div &gt; div &gt; div &gt; div &gt; button.btn.btn-dark</arg>
<doc>Clicks the button identified by ``locator``.</doc>
<status status="PASS" starttime="20220518 20:50:51.810" endtime="20220518 20:50:51.918"/>
</kw>
<kw name="Download" library="RPA.HTTP">
<arg>https://robotsparebinindustries.com/orders.csv</arg>
<doc>An alias for the ``HTTP Get`` keyword.</doc>
<status status="PASS" starttime="20220518 20:50:59.541" endtime="20220518 20:50:59.625"/>
</kw>
<kw name="Read table from CSV" library="RPA.Tables">
<var>${orders}</var>
<arg>orders.csv</arg>
<arg>header=True</arg>
<doc>Read a CSV file as a table.</doc>
<msg timestamp="20220518 20:51:05.733" level="INFO">${orders} = Table(columns=['Order number', 'Head', 'Body', 'Legs', 'Address'], rows=20)</msg>
<status status="PASS" starttime="20220518 20:51:05.729" endtime="20220518 20:51:05.733"/>
</kw>
<kw name="Select From List By Index" library="RPA.Browser.Selenium">
<arg>css:#head</arg>
<arg>1</arg>
<doc>Selects options from selection list ``locator`` by ``indexes``.</doc>
<status status="PASS" starttime="20220518 20:51:11.902" endtime="20220518 20:51:12.011"/>
</kw>
<kw name="Click Element" library="RPA.Browser.Selenium">
<arg>css:#root &gt; div &gt; div.container &gt; div &gt; div.col-sm-7 &gt; form &gt; div:nth-child(2) &gt; div &gt; div:nth-child(3) &gt; label</arg>
<doc>Click the element identified by ``locator``.</doc>
<status status="PASS" starttime="20220518 20:51:20.314" endtime="20220518 20:51:20.383"/>
</kw>
<kw name="Input Text" library="RPA.Browser.Selenium">
<arg>css:#root &gt; div &gt; div.container &gt; div &gt; div.col-sm-7 &gt; form &gt; div:nth-child(3) &gt; input</arg>
<arg>4</arg>
<doc>Types the given ``text`` into the text field identified by ``locator``.</doc>
<status status="PASS" starttime="20220518 20:51:28.765" endtime="20220518 20:51:28.894"/>
</kw>
<kw name="Input Text" library="RPA.Browser.Selenium">
<arg>css:#root &gt; div &gt; div.container &gt; div &gt; div.col-sm-7 &gt; form &gt; div:nth-child(4) &gt; input</arg>
<arg>2</arg>
<doc>Types the given ``text`` into the text field identified by ``locator``.</doc>
<status status="PASS" starttime="20220518 20:51:38.517" endtime="20220518 20:51:38.622"/>
</kw>
<kw name="Click Button" library="RPA.Browser.Selenium">
<arg>css:#preview</arg>
<doc>Clicks the button identified by ``locator``.</doc>
<status status="PASS" starttime="20220518 20:51:45.288" endtime="20220518 20:51:45.379"/>
</kw>
<kw name="Click Button" library="RPA.Browser.Selenium">
<arg>css:#order</arg>
<doc>Clicks the button identified by ``locator``.</doc>
<status status="PASS" starttime="20220518 20:51:48.982" endtime="20220518 20:51:49.077"/>
</kw>
<kw name="Does Page Contain Element" library="RPA.Browser.Selenium">
<var>${error}</var>
<arg>css:#root &gt; div &gt; div.container &gt; div &gt; div.col-sm-7 &gt; div</arg>
<doc>Does page contain expected element</doc>
<msg timestamp="20220518 20:51:54.876" level="INFO">${error} = True</msg>
<status status="PASS" starttime="20220518 20:51:54.860" endtime="20220518 20:51:54.876"/>
</kw>
<kw name="Does Page Contain Element" library="RPA.Browser.Selenium">
<arg>css:#root &gt; div &gt; div.container &gt; div &gt; div.col-sm-7 &gt; div</arg>
<doc>Does page contain expected element</doc>
<status status="PASS" starttime="20220518 20:52:00.847" endtime="20220518 20:52:00.857"/>
</kw>
<kw name="Log" library="BuiltIn">
<arg>${error}</arg>
<doc>Logs the given message with the given level.</doc>
<status status="PASS" starttime="20220518 20:52:12.877" endtime="20220518 20:52:12.879"/>
</kw>
<while condition="${error}== True, Click Button, css:#order, END">
<msg timestamp="20220518 20:52:52.937" level="FAIL">Multiple errors:
- WHILE cannot have more than one condition.
- WHILE loop cannot be empty.
- WHILE loop must have closing END.</msg>
<status status="FAIL" starttime="20220518 20:52:52.937" endtime="20220518 20:52:52.937"/>
</while>
<kw name="Click Button" library="RPA.Browser.Selenium">
<arg>css:#order</arg>
<doc>Clicks the button identified by ``locator``.</doc>
<kw name="Capture Page Screenshot" library="RPA.Browser.Selenium">
<doc>Takes a screenshot of the current page and embeds it into a log file.</doc>
<status status="PASS" starttime="20220518 20:53:31.461" endtime="20220518 20:53:31.662"/>
</kw>
<msg timestamp="20220518 20:53:31.664" level="FAIL">Button with locator 'css:#order' not found.</msg>
<status status="FAIL" starttime="20220518 20:53:31.437" endtime="20220518 20:53:31.665"/>
</kw>
<kw name="css:#root &gt; div &gt; div.container &gt; div &gt; div.col-sm-7 &gt; div">
<msg timestamp="20220518 20:53:38.011" level="FAIL">No keyword with name 'css:#root &gt; div &gt; div.container &gt; div &gt; div.col-sm-7 &gt; div' found.</msg>
<status status="FAIL" starttime="20220518 20:53:38.011" endtime="20220518 20:53:38.012"/>
</kw>
<kw name="Find Element" library="RPA.Desktop">
<arg>css:#root &gt; div &gt; div.container &gt; div &gt; div.col-sm-7 &gt; div</arg>
<doc>Find an element defined by locator, and return its position.
Raises ``ElementNotFound`` if` no matches were found, or
``MultipleElementsFound`` if there were multiple matches.</doc>
<msg timestamp="20220518 20:53:51.040" level="FAIL">ValueError: Unknown locator type: css</msg>
<status status="FAIL" starttime="20220518 20:53:51.038" endtime="20220518 20:53:51.041"/>
</kw>
<kw name="${error}== True">
<msg timestamp="20220518 20:56:19.509" level="FAIL">No keyword with name '${error}== True' found.</msg>
<status status="FAIL" starttime="20220518 20:56:19.508" endtime="20220518 20:56:19.509"/>
</kw>
<status status="PASS" starttime="20220518 20:50:18.269" endtime="20220518 20:57:20.621"/>
</kw>
<status status="PASS" starttime="20220518 20:50:18.268" endtime="20220518 20:57:20.623"/>
</test>
<status status="PASS" starttime="20220518 20:50:18.233" endtime="20220518 20:57:20.625"/>
</suite>
<statistics>
<total>
<stat pass="1" fail="0" skip="0">All Tests</stat>
</total>
<tag>
</tag>
<suite>
<stat pass="1" fail="0" skip="0" id="s1" name="Robot Interactive Console">Robot Interactive Console</stat>
</suite>
</statistics>
<errors>
</errors>
</robot>
